<?xml version="1.0" encoding="UTF-8"?>
<!-- Generated by org.testng.reporters.JUnitReportReporter -->
<testsuite hostname="DESKTOP-N2PLT4O" failures="0" tests="6" name="sumayalesson1.mytest" time="26.355" errors="0" timestamp="2025-05-17T12:44:22 EET" skipped="2">
  <testcase classname="sumayalesson1.mytest" name="login" time="0.473"/>
  <testcase classname="sumayalesson1.mytest" name="addAllItemsFromTheCart" time="12.798"/>
  <testcase classname="sumayalesson1.mytest" name="RemoveAllItems" time="12.734"/>
  <testcase classname="sumayalesson1.mytest" name="Task" time="0.350"/>
  <testcase classname="sumayalesson1.mytest" name="logout">
    <skipped/>
  </testcase> <!-- logout -->
  <testcase classname="sumayalesson1.mytest" name="removeItemFromTheCart">
    <skipped/>
  </testcase> <!-- removeItemFromTheCart -->
</testsuite> <!-- sumayalesson1.mytest -->
